
  .   ____          _            __ _ _
 /\\ / ___'_ __ _ _(_)_ __  __ _ \ \ \ \
( ( )\___ | '_ | '_| | '_ \/ _` | \ \ \ \
 \\/  ___)| |_)| | | | | || (_| |  ) ) ) )
  '  |____| .__|_| |_|_| |_\__, | / / / /
 =========|_|==============|___/=/_/_/_/
 :: Spring Boot ::                (v3.1.3)

2023-09-16T15:30:32.596+03:00  INFO 4181 --- [           main] com.example.newMock.NewMockApplication   : Starting NewMockApplication v0.0.1-SNAPSHOT using Java 17.0.8.1 with PID 4181 (/home/user/newMock/target/newMock-0.0.1-SNAPSHOT.jar started by user in /home/user/newMock/target)
2023-09-16T15:30:32.599+03:00  INFO 4181 --- [           main] com.example.newMock.NewMockApplication   : No active profile set, falling back to 1 default profile: "default"
2023-09-16T15:30:33.687+03:00  INFO 4181 --- [           main] o.s.b.w.embedded.tomcat.TomcatWebServer  : Tomcat initialized with port(s): 8888 (http)
2023-09-16T15:30:33.700+03:00  INFO 4181 --- [           main] o.apache.catalina.core.StandardService   : Starting service [Tomcat]
2023-09-16T15:30:33.700+03:00  INFO 4181 --- [           main] o.apache.catalina.core.StandardEngine    : Starting Servlet engine: [Apache Tomcat/10.1.12]
2023-09-16T15:30:33.798+03:00  INFO 4181 --- [           main] o.a.c.c.C.[Tomcat].[localhost].[/]       : Initializing Spring embedded WebApplicationContext
2023-09-16T15:30:33.799+03:00  INFO 4181 --- [           main] w.s.c.ServletWebServerApplicationContext : Root WebApplicationContext: initialization completed in 1130 ms
2023-09-16T15:30:34.198+03:00  INFO 4181 --- [           main] o.s.b.w.embedded.tomcat.TomcatWebServer  : Tomcat started on port(s): 8888 (http) with context path ''
2023-09-16T15:30:34.217+03:00  INFO 4181 --- [           main] com.example.newMock.NewMockApplication   : Started NewMockApplication in 2.062 seconds (process running for 2.548)

  .   ____          _            __ _ _
 /\\ / ___'_ __ _ _(_)_ __  __ _ \ \ \ \
( ( )\___ | '_ | '_| | '_ \/ _` | \ \ \ \
 \\/  ___)| |_)| | | | | || (_| |  ) ) ) )
  '  |____| .__|_| |_|_| |_\__, | / / / /
 =========|_|==============|___/=/_/_/_/
 :: Spring Boot ::                (v3.1.3)

2023-09-16T15:32:24.412+03:00  INFO 4230 --- [           main] com.example.newMock.NewMockApplication   : Starting NewMockApplication v0.0.1-SNAPSHOT using Java 17.0.8.1 with PID 4230 (/home/user/newMock/target/newMock-0.0.1-SNAPSHOT.jar started by user in /home/user/newMock/target)
2023-09-16T15:32:24.415+03:00  INFO 4230 --- [           main] com.example.newMock.NewMockApplication   : No active profile set, falling back to 1 default profile: "default"
2023-09-16T15:32:25.520+03:00  INFO 4230 --- [           main] o.s.b.w.embedded.tomcat.TomcatWebServer  : Tomcat initialized with port(s): 8888 (http)
2023-09-16T15:32:25.532+03:00  INFO 4230 --- [           main] o.apache.catalina.core.StandardService   : Starting service [Tomcat]
2023-09-16T15:32:25.533+03:00  INFO 4230 --- [           main] o.apache.catalina.core.StandardEngine    : Starting Servlet engine: [Apache Tomcat/10.1.12]
2023-09-16T15:32:25.634+03:00  INFO 4230 --- [           main] o.a.c.c.C.[Tomcat].[localhost].[/]       : Initializing Spring embedded WebApplicationContext
2023-09-16T15:32:25.636+03:00  INFO 4230 --- [           main] w.s.c.ServletWebServerApplicationContext : Root WebApplicationContext: initialization completed in 1122 ms
2023-09-16T15:32:26.028+03:00  INFO 4230 --- [           main] o.s.b.w.embedded.tomcat.TomcatWebServer  : Tomcat started on port(s): 8888 (http) with context path ''
2023-09-16T15:32:26.047+03:00  INFO 4230 --- [           main] com.example.newMock.NewMockApplication   : Started NewMockApplication in 2.076 seconds (process running for 2.545)

  .   ____          _            __ _ _
 /\\ / ___'_ __ _ _(_)_ __  __ _ \ \ \ \
( ( )\___ | '_ | '_| | '_ \/ _` | \ \ \ \
 \\/  ___)| |_)| | | | | || (_| |  ) ) ) )
  '  |____| .__|_| |_|_| |_\__, | / / / /
 =========|_|==============|___/=/_/_/_/
 :: Spring Boot ::                (v3.1.3)

2023-09-16T15:33:17.447+03:00  INFO 4276 --- [           main] com.example.newMock.NewMockApplication   : Starting NewMockApplication v0.0.1-SNAPSHOT using Java 17.0.8.1 with PID 4276 (/home/user/newMock/target/newMock-0.0.1-SNAPSHOT.jar started by user in /home/user/newMock/target)
2023-09-16T15:33:17.450+03:00  INFO 4276 --- [           main] com.example.newMock.NewMockApplication   : No active profile set, falling back to 1 default profile: "default"
2023-09-16T15:33:18.531+03:00  INFO 4276 --- [           main] o.s.b.w.embedded.tomcat.TomcatWebServer  : Tomcat initialized with port(s): 8888 (http)
2023-09-16T15:33:18.543+03:00  INFO 4276 --- [           main] o.apache.catalina.core.StandardService   : Starting service [Tomcat]
2023-09-16T15:33:18.544+03:00  INFO 4276 --- [           main] o.apache.catalina.core.StandardEngine    : Starting Servlet engine: [Apache Tomcat/10.1.12]
2023-09-16T15:33:18.640+03:00  INFO 4276 --- [           main] o.a.c.c.C.[Tomcat].[localhost].[/]       : Initializing Spring embedded WebApplicationContext
2023-09-16T15:33:18.642+03:00  INFO 4276 --- [           main] w.s.c.ServletWebServerApplicationContext : Root WebApplicationContext: initialization completed in 1093 ms
2023-09-16T15:33:19.013+03:00  INFO 4276 --- [           main] o.s.b.w.embedded.tomcat.TomcatWebServer  : Tomcat started on port(s): 8888 (http) with context path ''
2023-09-16T15:33:19.031+03:00  INFO 4276 --- [           main] com.example.newMock.NewMockApplication   : Started NewMockApplication in 2.018 seconds (process running for 2.483)
2023-09-16T15:33:20.288+03:00  INFO 4276 --- [nio-8888-exec-1] o.a.c.c.C.[Tomcat].[localhost].[/]       : Initializing Spring DispatcherServlet 'dispatcherServlet'
2023-09-16T15:33:20.289+03:00  INFO 4276 --- [nio-8888-exec-1] o.s.web.servlet.DispatcherServlet        : Initializing Servlet 'dispatcherServlet'
2023-09-16T15:33:20.290+03:00  INFO 4276 --- [nio-8888-exec-1] o.s.web.servlet.DispatcherServlet        : Completed initialization in 1 ms
2023-09-16T15:33:20.403+03:00 ERROR 4276 --- [nio-8888-exec-1] c.e.newMock.Controller.MainController    : *********** LimitRequestDTO ***********{
  "rqUID" : "58dgtf565j8547f64ke7",
  "clientId" : "3050000000000000000",
  "account" : "30500000000000000001",
  "openDate" : "2020-01-01",
  "closeDate" : "2025-01-01"
}
2023-09-16T15:33:20.416+03:00 ERROR 4276 --- [nio-8888-exec-1] c.e.newMock.Controller.MainController    : *********** LimitResponseDTO ***********{
  "rqUID" : "58dgtf565j8547f64ke7",
  "clientId" : "3050000000000000000",
  "account" : "30500000000000000001",
  "currency" : "RU",
  "balance" : 1234,
  "maxLimit" : 10000
}

  .   ____          _            __ _ _
 /\\ / ___'_ __ _ _(_)_ __  __ _ \ \ \ \
( ( )\___ | '_ | '_| | '_ \/ _` | \ \ \ \
 \\/  ___)| |_)| | | | | || (_| |  ) ) ) )
  '  |____| .__|_| |_|_| |_\__, | / / / /
 =========|_|==============|___/=/_/_/_/
 :: Spring Boot ::                (v3.1.3)

2023-09-16T15:35:29.699+03:00  INFO 4337 --- [           main] com.example.newMock.NewMockApplication   : Starting NewMockApplication v0.0.1-SNAPSHOT using Java 17.0.8.1 with PID 4337 (/home/user/newMock/target/newMock-0.0.1-SNAPSHOT.jar started by user in /home/user/newMock/target)
2023-09-16T15:35:29.703+03:00  INFO 4337 --- [           main] com.example.newMock.NewMockApplication   : No active profile set, falling back to 1 default profile: "default"
2023-09-16T15:35:30.731+03:00  INFO 4337 --- [           main] o.s.b.w.embedded.tomcat.TomcatWebServer  : Tomcat initialized with port(s): 8888 (http)
2023-09-16T15:35:30.742+03:00  INFO 4337 --- [           main] o.apache.catalina.core.StandardService   : Starting service [Tomcat]
2023-09-16T15:35:30.743+03:00  INFO 4337 --- [           main] o.apache.catalina.core.StandardEngine    : Starting Servlet engine: [Apache Tomcat/10.1.12]
2023-09-16T15:35:30.833+03:00  INFO 4337 --- [           main] o.a.c.c.C.[Tomcat].[localhost].[/]       : Initializing Spring embedded WebApplicationContext
2023-09-16T15:35:30.835+03:00  INFO 4337 --- [           main] w.s.c.ServletWebServerApplicationContext : Root WebApplicationContext: initialization completed in 1036 ms
2023-09-16T15:35:31.255+03:00  INFO 4337 --- [           main] o.s.b.w.embedded.tomcat.TomcatWebServer  : Tomcat started on port(s): 8888 (http) with context path ''
2023-09-16T15:35:31.279+03:00  INFO 4337 --- [           main] com.example.newMock.NewMockApplication   : Started NewMockApplication in 2.009 seconds (process running for 2.488)
